<?xml version="1.0" encoding="UTF-8"?>
<testng-results total="1" passed="1" failed="0" skipped="0">
  <reporter-output>
  </reporter-output>
  <suite started-at="2023-11-08T16:19:08Z" name="Surefire suite" finished-at="2023-11-08T16:19:08Z" duration-ms="41">
    <groups>
    </groups>
    <test started-at="2023-11-08T16:19:08Z" name="Surefire test" finished-at="2023-11-08T16:19:08Z" duration-ms="41">
      <class name="com.mycompany.app.AppTest">
        <test-method signature="shouldAnswerWithTrue()[pri:0, instance:shouldAnswerWithTrue(com.mycompany.app.AppTest)]" started-at="2023-11-08T21:49:08Z" name="shouldAnswerWithTrue" finished-at="2023-11-08T21:49:08Z" duration-ms="2" status="PASS">
          <reporter-output>
          </reporter-output>
        </test-method> <!-- shouldAnswerWithTrue -->
      </class> <!-- com.mycompany.app.AppTest -->
    </test> <!-- Surefire test -->
  </suite> <!-- Surefire suite -->
</testng-results>
